<?xml version="1.0" encoding="UTF-8"?>
<coverage generated="1651522831602" clover="3.2.0">
  <project timestamp="1651522831602" name="All files">
    <metrics statements="19" coveredstatements="10" conditionals="6" coveredconditionals="3" methods="8" coveredmethods="2" elements="33" coveredelements="15" complexity="0" loc="19" ncloc="19" packages="1" files="1" classes="1"/>
    <file name="login.tsx" path="C:\Users\DANIEL\Desktop\test_jest\react-scratch-with-tests\src\login\login.tsx">
      <metrics statements="19" coveredstatements="10" conditionals="6" coveredconditionals="3" methods="8" coveredmethods="2"/>
      <line num="1" count="1" type="stmt"/>
      <line num="14" count="1" type="cond" truecount="3" falsecount="0"/>
      <line num="16" count="1" type="stmt"/>
      <line num="23" count="1" type="stmt"/>
      <line num="24" count="0" type="stmt"/>
      <line num="27" count="1" type="stmt"/>
      <line num="28" count="0" type="stmt"/>
      <line num="30" count="1" type="stmt"/>
      <line num="31" count="0" type="stmt"/>
      <line num="35" count="1" type="stmt"/>
      <line num="37" count="1" type="cond" truecount="0" falsecount="1"/>
      <line num="38" count="0" type="cond" truecount="0" falsecount="2"/>
      <line num="39" count="0" type="stmt"/>
      <line num="41" count="0" type="stmt"/>
      <line num="45" count="1" type="stmt"/>
      <line num="47" count="0" type="stmt"/>
      <line num="48" count="0" type="stmt"/>
      <line num="49" count="0" type="stmt"/>
      <line num="57" count="1" type="stmt"/>
    </file>
  </project>
</coverage>
