{"C:\\Users\\DANIEL\\Desktop\\test_jest\\react-scratch-with-tests\\src\\login\\login.tsx": {"path":"C:\\Users\\DANIEL\\Desktop\\test_jest\\react-scratch-with-tests\\src\\login\\login.tsx","statementMap":{"0":{"start":{"line":1,"column":0},"end":{"line":1,"column":31}},"1":{"start":{"line":14,"column":0},"end":{"line":14,"column":64}},"2":{"start":{"line":14,"column":27},"end":{"line":14,"column":32}},"3":{"start":{"line":14,"column":0},"end":{"line":14,"column":13}},"4":{"start":{"line":16,"column":4},"end":{"line":21,"column":6}},"5":{"start":{"line":23,"column":18},"end":{"line":25,"column":null}},"6":{"start":{"line":24,"column":8},"end":{"line":24,"column":31}},"7":{"start":{"line":27,"column":12},"end":{"line":29,"column":null}},"8":{"start":{"line":28,"column":8},"end":{"line":28,"column":56}},"9":{"start":{"line":30,"column":12},"end":{"line":32,"column":null}},"10":{"start":{"line":31,"column":8},"end":{"line":31,"column":56}},"11":{"start":{"line":35,"column":4},"end":{"line":56,"column":null}},"12":{"start":{"line":35,"column":4},"end":{"line":35,"column":10}},"13":{"start":{"line":37,"column":8},"end":{"line":43,"column":null}},"14":{"start":{"line":38,"column":12},"end":{"line":42,"column":null}},"15":{"start":{"line":39,"column":16},"end":{"line":39,"column":null}},"16":{"start":{"line":41,"column":16},"end":{"line":41,"column":null}},"17":{"start":{"line":45,"column":8},"end":{"line":55,"column":null}},"18":{"start":{"line":47,"column":60},"end":{"line":47,"column":null}},"19":{"start":{"line":48,"column":107},"end":{"line":48,"column":130}},"20":{"start":{"line":49,"column":113},"end":{"line":49,"column":134}},"21":{"start":{"line":57,"column":0},"end":{"line":57,"column":null}},"22":{"start":{"line":14,"column":13},"end":{"line":14,"column":18}}},"fnMap":{"0":{"name":"(anonymous_19)","decl":{"start":{"line":14,"column":0},"end":{"line":14,"column":13}},"loc":{"start":{"line":14,"column":0},"end":{"line":57,"column":null}}},"1":{"name":"(anonymous_21)","decl":{"start":{"line":23,"column":4},"end":{"line":23,"column":18}},"loc":{"start":{"line":23,"column":58},"end":{"line":25,"column":null}}},"2":{"name":"(anonymous_24)","decl":{"start":{"line":27,"column":4},"end":{"line":27,"column":12}},"loc":{"start":{"line":27,"column":42},"end":{"line":29,"column":5}}},"3":{"name":"(anonymous_25)","decl":{"start":{"line":30,"column":4},"end":{"line":30,"column":12}},"loc":{"start":{"line":30,"column":42},"end":{"line":32,"column":5}}},"4":{"name":"(anonymous_26)","decl":{"start":{"line":35,"column":4},"end":{"line":35,"column":10}},"loc":{"start":{"line":35,"column":4},"end":{"line":56,"column":5}}},"5":{"name":"(anonymous_27)","decl":{"start":{"line":47,"column":55},"end":{"line":47,"column":56}},"loc":{"start":{"line":47,"column":56},"end":{"line":47,"column":64}}},"6":{"name":"(anonymous_28)","decl":{"start":{"line":48,"column":102},"end":{"line":48,"column":103}},"loc":{"start":{"line":48,"column":103},"end":{"line":48,"column":111}}},"7":{"name":"(anonymous_29)","decl":{"start":{"line":49,"column":108},"end":{"line":49,"column":109}},"loc":{"start":{"line":49,"column":109},"end":{"line":49,"column":117}}}},"branchMap":{"0":{"loc":{"start":{"line":14,"column":0},"end":{"line":14,"column":13}},"type":"binary-expr","locations":[{"start":{"line":14,"column":0},"end":{"line":14,"column":13}},{"start":{"line":14,"column":0},"end":{"line":14,"column":13}},{"start":{"line":14,"column":0},"end":{"line":14,"column":13}}]},"1":{"loc":{"start":{"line":37,"column":8},"end":{"line":43,"column":null}},"type":"if","locations":[{"start":{"line":37,"column":8},"end":{"line":43,"column":null}}]},"2":{"loc":{"start":{"line":38,"column":12},"end":{"line":42,"column":null}},"type":"if","locations":[{"start":{"line":38,"column":12},"end":{"line":42,"column":null}},{"start":{"line":40,"column":19},"end":{"line":42,"column":null}}]}},"s":{"0":1,"1":1,"2":1,"3":1,"4":1,"5":1,"6":0,"7":1,"8":0,"9":1,"10":0,"11":1,"12":1,"13":1,"14":0,"15":0,"16":0,"17":1,"18":0,"19":0,"20":0,"21":1,"22":1},"f":{"0":2,"1":0,"2":0,"3":0,"4":1,"5":0,"6":0,"7":0},"b":{"0":[1,1,1],"1":[0],"2":[0,0]}}
}
