TN:
SF:src\login\login.tsx
FN:14,(anonymous_19)
FN:23,(anonymous_21)
FN:27,(anonymous_24)
FN:30,(anonymous_25)
FN:35,(anonymous_26)
FN:47,(anonymous_27)
FN:48,(anonymous_28)
FN:49,(anonymous_29)
FNF:8
FNH:2
FNDA:2,(anonymous_19)
FNDA:0,(anonymous_21)
FNDA:0,(anonymous_24)
FNDA:0,(anonymous_25)
FNDA:1,(anonymous_26)
FNDA:0,(anonymous_27)
FNDA:0,(anonymous_28)
FNDA:0,(anonymous_29)
DA:1,1
DA:14,1
DA:16,1
DA:23,1
DA:24,0
DA:27,1
DA:28,0
DA:30,1
DA:31,0
DA:35,1
DA:37,1
DA:38,0
DA:39,0
DA:41,0
DA:45,1
DA:47,0
DA:48,0
DA:49,0
DA:57,1
LF:19
LH:10
BRDA:14,0,0,1
BRDA:14,0,1,1
BRDA:14,0,2,1
BRDA:37,1,0,0
BRDA:38,2,0,0
BRDA:38,2,1,0
BRF:6
BRH:3
end_of_record
